Arguments: 
  C:\Program Files\nodejs\node.exe C:\Program Files (x86)\Yarn\bin\yarn.js start

PATH: 
  D:\Program Files (x86)\Python37-32\Scripts\;D:\Program Files (x86)\Python37-32\;C:\Program Files (x86)\Common Files\Oracle\Java\javapath;C:\Program Files (x86)\Intel\iCLS Client\;C:\Program Files\Intel\iCLS Client\;C:\Windows\system32;C:\Windows;C:\Windows\System32\Wbem;C:\Windows\System32\WindowsPowerShell\v1.0\;C:\Program Files (x86)\NVIDIA Corporation\PhysX\Common;C:\Program Files (x86)\Intel\Intel(R) Management Engine Components\DAL;C:\Program Files\Intel\Intel(R) Management Engine Components\DAL;C:\Program Files (x86)\Intel\Intel(R) Management Engine Components\IPT;C:\Program Files\Intel\Intel(R) Management Engine Components\IPT;C:\Program Files\Intel\WiFi\bin\;C:\Program Files\Common Files\Intel\WirelessCommon\;C:\Program Files\PostgreSQLn\9.6\bin;C:\Program Files\Git\cmd;C:\nginx\nginx-1.12.2;C:\Program Files\Git\bin;C:\HashiCorp\Vagrant\bin;C:\nvm;C:\Program Files\nodejs;C:\nvm;C:\Program Files (x86)\Yarn\bin\;C:\Program Files\Git\usr\bin;D:\programs\composer;C:\wamp64\bin\php\php7.1.9;D:\cygwin64\bin;C:\Program Files\PuTTY\;C:\WINDOWS\system32;C:\WINDOWS;C:\WINDOWS\System32\Wbem;C:\WINDOWS\System32\WindowsPowerShell\v1.0\;C:\WINDOWS\System32\OpenSSH\;C:\Program Files\MiKTeX 2.9\miktex\bin\x64\;C:\memcached;D:\Program Files\nodejs\;D:\Program Files\CMake\bin;D:\Program Files\Java\jdk1.8.0_111\bin;D:\RailsInstaller\Ruby2.3.3\bin;C:\Users\alvaro\AppData\Local\Microsoft\WindowsApps;C:\nvm;C:\Program Files\nodejs;C:\Users\alvaro\AppData\Local\Yarn\bin;C:\Users\alvaro\AppData\Roaming\Composer\vendor\bin;C:\Users\alvaro\AppData\Local\atom\bin;C:\Users\alvaro\AppData\Local\Microsoft\WindowsApps;D:\Program Files (x86)\ant\bin;C:\Program Files\MiKTeX 2.9\miktex\bin\x64;C:\grails-3.2.9\bin;C:\wamp64\bin\mysql\mysql5.7.19\bin;C:\Program Files (x86)\Nmap;D:\Users\alvaro\AppData\Local\Programs\Microsoft VS Code\bin;D:\Program Files\heroku\bin;C:\Users\alvaro\AppData\Roaming\npm;

Yarn version: 
  1.5.1

Node version: 
  10.15.1

Platform: 
  win32 x64

npm manifest: 
  {
    "name": "cliente",
    "version": "1.0.0",
    "description": "sistema cliente para SD UNI",
    "main": "app.js",
    "scripts": {
      "start": "nodemon ./app.js",
      "test": "echo \"Error: no test specified\" && exit 1"
    },
    "repository": {
      "type": "git",
      "url": "git+https://github.com/Alvar01o/cliente-issuetracker.git"
    },
    "author": "Alvaro Mercado",
    "license": "ISC",
    "bugs": {
      "url": "https://github.com/Alvar01o/cliente-issuetracker/issues"
    },
    "homepage": "https://github.com/Alvar01o/cliente-issuetracker#readme",
    "dependencies": {
      "express": "^4.17.1",
      "express-hbs": "^2.1.2",
      "memcached": "^2.2.2",
      "path": "^0.12.7",
      "request": "^2.88.0"
    }
  }

yarn manifest: 
  No manifest

Lockfile: 
  No lockfile

Trace: 
  Error: Command failed.
  Exit code: 3221225786
  Command: C:\WINDOWS\system32\cmd.exe
  Arguments: /d /s /c nodemon ./app.js
  Directory: C:\Users\alvaro\Desktop\lab distri\sistema final\cliente
  Output:
  
      at ProcessTermError.MessageError (C:\Program Files (x86)\Yarn\lib\cli.js:186:110)
      at new ProcessTermError (C:\Program Files (x86)\Yarn\lib\cli.js:226:113)
      at ChildProcess.<anonymous> (C:\Program Files (x86)\Yarn\lib\cli.js:30281:17)
      at ChildProcess.emit (events.js:189:13)
      at maybeClose (internal/child_process.js:970:16)
      at Process.ChildProcess._handle.onexit (internal/child_process.js:259:5)
